<?xml version="1.0" encoding="UTF-8"?>
<testsuite xmlns:xsi="http://www.w3.org/2001/XMLSchema-instance" xsi:noNamespaceSchemaLocation="https://maven.apache.org/surefire/maven-surefire-plugin/xsd/surefire-test-report-3.0.xsd" version="3.0" name="tests.ChatFunctionalityTest" time="29.881" tests="1" errors="0" skipped="0" failures="0">
  <properties>
[...]
</properties>
  <testcase name="chatTest" classname="tests.ChatFunctionalityTest" time="27.627">
    <system-out><![CDATA[02:30:12.390 &amp#27;[1;36mmain&amp#27;[0;39m &amp#27;[1;32mWebP&amp#27;[0;39m &amp#27;[34mINFO&amp#27;[0;39m Clicked element: '[[[[RemoteWebDriver: chrome on LINUX (2f448ca061f21596f0d11cfcbe1cde0e)] -> xpath: //div[@class='container']]] -> xpath: .//a[@href='signup.php']]'
02:30:12.686 &amp#27;[1;36mmain&amp#27;[0;39m &amp#27;[1;32mWebP&amp#27;[0;39m &amp#27;[34mINFO&amp#27;[0;39m Entered text: 'LindsaySchmitt937341' into '[[[[RemoteWebDriver: chrome on LINUX (2f448ca061f21596f0d11cfcbe1cde0e)] -> xpath: //h1[.='Signup and Lets Go!']/ancestor::div[@class='container']]] -> xpath: .//*[@placeholder]]'
02:30:12.889 &amp#27;[1;36mmain&amp#27;[0;39m &amp#27;[1;32mWebP&amp#27;[0;39m &amp#27;[34mINFO&amp#27;[0;39m Entered text: 'testEmail@com.com' into '[[[[RemoteWebDriver: chrome on LINUX (2f448ca061f21596f0d11cfcbe1cde0e)] -> xpath: //h1[.='Signup and Lets Go!']/ancestor::div[@class='container']]] -> xpath: .//*[@placeholder]]'
02:30:13.070 &amp#27;[1;36mmain&amp#27;[0;39m &amp#27;[1;32mWebP&amp#27;[0;39m &amp#27;[34mINFO&amp#27;[0;39m Entered hidden text into '[[[[RemoteWebDriver: chrome on LINUX (2f448ca061f21596f0d11cfcbe1cde0e)] -> xpath: //h1[.='Signup and Lets Go!']/ancestor::div[@class='container']]] -> xpath: .//*[@placeholder]]'
02:30:13.247 &amp#27;[1;36mmain&amp#27;[0;39m &amp#27;[1;32mWebP&amp#27;[0;39m &amp#27;[34mINFO&amp#27;[0;39m Entered text: '8384470178' into '[[[[RemoteWebDriver: chrome on LINUX (2f448ca061f21596f0d11cfcbe1cde0e)] -> xpath: //h1[.='Signup and Lets Go!']/ancestor::div[@class='container']]] -> xpath: .//*[@placeholder]]'
02:30:13.444 &amp#27;[1;36mmain&amp#27;[0;39m &amp#27;[1;32mWebP&amp#27;[0;39m &amp#27;[34mINFO&amp#27;[0;39m Entered text: 'Lindsay' into '[[[[RemoteWebDriver: chrome on LINUX (2f448ca061f21596f0d11cfcbe1cde0e)] -> xpath: //h1[.='Signup and Lets Go!']/ancestor::div[@class='container']]] -> xpath: .//*[@placeholder]]'
02:30:13.694 &amp#27;[1;36mmain&amp#27;[0;39m &amp#27;[1;32mWebP&amp#27;[0;39m &amp#27;[34mINFO&amp#27;[0;39m Entered text: 'Schmitt' into '[[[[RemoteWebDriver: chrome on LINUX (2f448ca061f21596f0d11cfcbe1cde0e)] -> xpath: //h1[.='Signup and Lets Go!']/ancestor::div[@class='container']]] -> xpath: .//*[@placeholder]]'
02:30:13.901 &amp#27;[1;36mmain&amp#27;[0;39m &amp#27;[1;32mWebP&amp#27;[0;39m &amp#27;[34mINFO&amp#27;[0;39m Entered text: 'Games, Kids & Sports' into '[[[[RemoteWebDriver: chrome on LINUX (2f448ca061f21596f0d11cfcbe1cde0e)] -> xpath: //h1[.='Signup and Lets Go!']/ancestor::div[@class='container']]] -> xpath: .//*[@placeholder]]'
02:30:14.158 &amp#27;[1;36mmain&amp#27;[0;39m &amp#27;[1;32mWebP&amp#27;[0;39m &amp#27;[34mINFO&amp#27;[0;39m Entered text: 'Aww, gee, you got me there Rick.' into '[[[[RemoteWebDriver: chrome on LINUX (2f448ca061f21596f0d11cfcbe1cde0e)] -> xpath: //h1[.='Signup and Lets Go!']/ancestor::div[@class='container']]] -> xpath: .//*[@placeholder]]'
02:30:14.284 &amp#27;[1;36mmain&amp#27;[0;39m &amp#27;[1;32mWebP&amp#27;[0;39m &amp#27;[34mINFO&amp#27;[0;39m Uploaded file: 'C:\Users\macie\IdeaProjects\UI_Tests\KLIK-Project/src/test/java/data_provider/pictures/avatar.png' into '[[[[RemoteWebDriver: chrome on LINUX (2f448ca061f21596f0d11cfcbe1cde0e)] -> xpath: //h1[.='Signup and Lets Go!']/ancestor::div[@class='container']]] -> xpath: .//input[@id='imgInp']]'
02:30:14.393 &amp#27;[1;36mmain&amp#27;[0;39m &amp#27;[1;32mWebP&amp#27;[0;39m &amp#27;[34mINFO&amp#27;[0;39m Clicked element: '[[[[RemoteWebDriver: chrome on LINUX (2f448ca061f21596f0d11cfcbe1cde0e)] -> xpath: //h1[.='Signup and Lets Go!']/ancestor::div[@class='container']]] -> xpath: .//input[@value='Signup']]'
02:30:14.771 &amp#27;[1;36mmain&amp#27;[0;39m &amp#27;[1;32mWebP&amp#27;[0;39m &amp#27;[34mINFO&amp#27;[0;39m Entered text: 'CorinneKunze335577' into '[[[[RemoteWebDriver: chrome on LINUX (2f448ca061f21596f0d11cfcbe1cde0e)] -> xpath: //h1[.='Signup and Lets Go!']/ancestor::div[@class='container']]] -> xpath: .//*[@placeholder]]'
02:30:14.928 &amp#27;[1;36mmain&amp#27;[0;39m &amp#27;[1;32mWebP&amp#27;[0;39m &amp#27;[34mINFO&amp#27;[0;39m Entered text: 'testEmail@com.com' into '[[[[RemoteWebDriver: chrome on LINUX (2f448ca061f21596f0d11cfcbe1cde0e)] -> xpath: //h1[.='Signup and Lets Go!']/ancestor::div[@class='container']]] -> xpath: .//*[@placeholder]]'
02:30:15.135 &amp#27;[1;36mmain&amp#27;[0;39m &amp#27;[1;32mWebP&amp#27;[0;39m &amp#27;[34mINFO&amp#27;[0;39m Entered hidden text into '[[[[RemoteWebDriver: chrome on LINUX (2f448ca061f21596f0d11cfcbe1cde0e)] -> xpath: //h1[.='Signup and Lets Go!']/ancestor::div[@class='container']]] -> xpath: .//*[@placeholder]]'
02:30:15.315 &amp#27;[1;36mmain&amp#27;[0;39m &amp#27;[1;32mWebP&amp#27;[0;39m &amp#27;[34mINFO&amp#27;[0;39m Entered text: '8721805714' into '[[[[RemoteWebDriver: chrome on LINUX (2f448ca061f21596f0d11cfcbe1cde0e)] -> xpath: //h1[.='Signup and Lets Go!']/ancestor::div[@class='container']]] -> xpath: .//*[@placeholder]]'
02:30:15.489 &amp#27;[1;36mmain&amp#27;[0;39m &amp#27;[1;32mWebP&amp#27;[0;39m &amp#27;[34mINFO&amp#27;[0;39m Entered text: 'Corinne' into '[[[[RemoteWebDriver: chrome on LINUX (2f448ca061f21596f0d11cfcbe1cde0e)] -> xpath: //h1[.='Signup and Lets Go!']/ancestor::div[@class='container']]] -> xpath: .//*[@placeholder]]'
02:30:15.698 &amp#27;[1;36mmain&amp#27;[0;39m &amp#27;[1;32mWebP&amp#27;[0;39m &amp#27;[34mINFO&amp#27;[0;39m Entered text: 'Kunze' into '[[[[RemoteWebDriver: chrome on LINUX (2f448ca061f21596f0d11cfcbe1cde0e)] -> xpath: //h1[.='Signup and Lets Go!']/ancestor::div[@class='container']]] -> xpath: .//*[@placeholder]]'
02:30:15.963 &amp#27;[1;36mmain&amp#27;[0;39m &amp#27;[1;32mWebP&amp#27;[0;39m &amp#27;[34mINFO&amp#27;[0;39m Entered text: 'Computers & Tools' into '[[[[RemoteWebDriver: chrome on LINUX (2f448ca061f21596f0d11cfcbe1cde0e)] -> xpath: //h1[.='Signup and Lets Go!']/ancestor::div[@class='container']]] -> xpath: .//*[@placeholder]]'
02:30:16.225 &amp#27;[1;36mmain&amp#27;[0;39m &amp#27;[1;32mWebP&amp#27;[0;39m &amp#27;[34mINFO&amp#27;[0;39m Entered text: 'Don’t even trip dawg.' into '[[[[RemoteWebDriver: chrome on LINUX (2f448ca061f21596f0d11cfcbe1cde0e)] -> xpath: //h1[.='Signup and Lets Go!']/ancestor::div[@class='container']]] -> xpath: .//*[@placeholder]]'
02:30:16.363 &amp#27;[1;36mmain&amp#27;[0;39m &amp#27;[1;32mWebP&amp#27;[0;39m &amp#27;[34mINFO&amp#27;[0;39m Uploaded file: 'C:\Users\macie\IdeaProjects\UI_Tests\KLIK-Project/src/test/java/data_provider/pictures/avatar.png' into '[[[[RemoteWebDriver: chrome on LINUX (2f448ca061f21596f0d11cfcbe1cde0e)] -> xpath: //h1[.='Signup and Lets Go!']/ancestor::div[@class='container']]] -> xpath: .//input[@id='imgInp']]'
02:30:16.478 &amp#27;[1;36mmain&amp#27;[0;39m &amp#27;[1;32mWebP&amp#27;[0;39m &amp#27;[34mINFO&amp#27;[0;39m Clicked element: '[[[[RemoteWebDriver: chrome on LINUX (2f448ca061f21596f0d11cfcbe1cde0e)] -> xpath: //h1[.='Signup and Lets Go!']/ancestor::div[@class='container']]] -> xpath: .//input[@value='Signup']]'
02:30:16.931 &amp#27;[1;36mmain&amp#27;[0;39m &amp#27;[1;32mWebP&amp#27;[0;39m &amp#27;[34mINFO&amp#27;[0;39m Entered text: 'LindsaySchmitt937341' into '[[[[RemoteWebDriver: chrome on LINUX (2f448ca061f21596f0d11cfcbe1cde0e)] -> xpath: //div[@class='container']]] -> xpath: .//input[contains(@class, 'form-control form-control-lg')]]'
02:30:17.096 &amp#27;[1;36mmain&amp#27;[0;39m &amp#27;[1;32mWebP&amp#27;[0;39m &amp#27;[34mINFO&amp#27;[0;39m Entered hidden text into '[[[[RemoteWebDriver: chrome on LINUX (2f448ca061f21596f0d11cfcbe1cde0e)] -> xpath: //div[@class='container']]] -> xpath: .//input[contains(@class, 'form-control form-control-lg')]]'
02:30:17.198 &amp#27;[1;36mmain&amp#27;[0;39m &amp#27;[1;32mWebP&amp#27;[0;39m &amp#27;[34mINFO&amp#27;[0;39m Clicked element: '[[[[RemoteWebDriver: chrome on LINUX (2f448ca061f21596f0d11cfcbe1cde0e)] -> xpath: //div[@class='container']]] -> xpath: .//input[@name='login-submit']]'
02:30:21.655 &amp#27;[1;36mmain&amp#27;[0;39m &amp#27;[1;32mWebP&amp#27;[0;39m &amp#27;[34mINFO&amp#27;[0;39m Clicked element: '[[[[RemoteWebDriver: chrome on LINUX (2f448ca061f21596f0d11cfcbe1cde0e)] -> xpath: //div[@class='collapse navbar-collapse justify-content-right']]] -> xpath: .//li/a]'
02:30:22.751 &amp#27;[1;36mmain&amp#27;[0;39m &amp#27;[1;32mWebP&amp#27;[0;39m &amp#27;[34mINFO&amp#27;[0;39m Clicked element: '[[[[[[RemoteWebDriver: chrome on LINUX (2f448ca061f21596f0d11cfcbe1cde0e)] -> xpath: //div[@class='messaging']]] -> xpath: .//div[@class='inbox_chat']/a]] -> xpath: .//h5]'
02:30:23.031 &amp#27;[1;36mmain&amp#27;[0;39m &amp#27;[1;32mWebP&amp#27;[0;39m &amp#27;[34mINFO&amp#27;[0;39m Entered text: 'A hundred million people went to see a movie about what I do. I wonder how many people would go see a movie called Jurassic Parka. No, no, no, a bunch of out-of-control jackets take over an island!' into '[[[[RemoteWebDriver: chrome on LINUX (2f448ca061f21596f0d11cfcbe1cde0e)] -> xpath: //div[@class='messaging']]] -> xpath: .//textarea[@class='write_msg form-control-plaintext']]'
02:30:23.324 &amp#27;[1;36mmain&amp#27;[0;39m &amp#27;[1;32mWebP&amp#27;[0;39m &amp#27;[34mINFO&amp#27;[0;39m Clicked element: '[[[[RemoteWebDriver: chrome on LINUX (2f448ca061f21596f0d11cfcbe1cde0e)] -> xpath: //div[@class='messaging']]] -> xpath: .//button[@id='reply']]'
02:30:24.660 &amp#27;[1;36mmain&amp#27;[0;39m &amp#27;[1;32mWebP&amp#27;[0;39m &amp#27;[34mINFO&amp#27;[0;39m Clicked element: '[[[[RemoteWebDriver: chrome on LINUX (2f448ca061f21596f0d11cfcbe1cde0e)] -> xpath: //div[@class='collapse navbar-collapse justify-content-right']]] -> xpath: .//li/a]'
02:30:24.880 &amp#27;[1;36mmain&amp#27;[0;39m &amp#27;[1;32mWebP&amp#27;[0;39m &amp#27;[34mINFO&amp#27;[0;39m Entered text: 'CorinneKunze335577' into '[[[[RemoteWebDriver: chrome on LINUX (2f448ca061f21596f0d11cfcbe1cde0e)] -> xpath: //div[@class='container']]] -> xpath: .//input[contains(@class, 'form-control form-control-lg')]]'
02:30:25.061 &amp#27;[1;36mmain&amp#27;[0;39m &amp#27;[1;32mWebP&amp#27;[0;39m &amp#27;[34mINFO&amp#27;[0;39m Entered hidden text into '[[[[RemoteWebDriver: chrome on LINUX (2f448ca061f21596f0d11cfcbe1cde0e)] -> xpath: //div[@class='container']]] -> xpath: .//input[contains(@class, 'form-control form-control-lg')]]'
02:30:25.173 &amp#27;[1;36mmain&amp#27;[0;39m &amp#27;[1;32mWebP&amp#27;[0;39m &amp#27;[34mINFO&amp#27;[0;39m Clicked element: '[[[[RemoteWebDriver: chrome on LINUX (2f448ca061f21596f0d11cfcbe1cde0e)] -> xpath: //div[@class='container']]] -> xpath: .//input[@name='login-submit']]'
02:30:29.538 &amp#27;[1;36mmain&amp#27;[0;39m &amp#27;[1;32mWebP&amp#27;[0;39m &amp#27;[34mINFO&amp#27;[0;39m Clicked element: '[[[[RemoteWebDriver: chrome on LINUX (2f448ca061f21596f0d11cfcbe1cde0e)] -> xpath: //div[@class='collapse navbar-collapse justify-content-right']]] -> xpath: .//li/a]'
02:30:30.538 &amp#27;[1;36mmain&amp#27;[0;39m &amp#27;[1;32mWebP&amp#27;[0;39m &amp#27;[34mINFO&amp#27;[0;39m Clicked element: '[[[[[[RemoteWebDriver: chrome on LINUX (2f448ca061f21596f0d11cfcbe1cde0e)] -> xpath: //div[@class='messaging']]] -> xpath: .//div[@class='inbox_chat']/a]] -> xpath: .//h5]'
02:30:31.228 &amp#27;[1;36mmain&amp#27;[0;39m &amp#27;[1;32mWebP&amp#27;[0;39m &amp#27;[34mINFO&amp#27;[0;39m Entered text: 'You know what’s weird? Donald Duck never wore pants. But whenever he’s getting out of the shower, he always puts a towel around his waist. I mean, what is that about?' into '[[[[RemoteWebDriver: chrome on LINUX (2f448ca061f21596f0d11cfcbe1cde0e)] -> xpath: //div[@class='messaging']]] -> xpath: .//textarea[@class='write_msg form-control-plaintext']]'
02:30:31.500 &amp#27;[1;36mmain&amp#27;[0;39m &amp#27;[1;32mWebP&amp#27;[0;39m &amp#27;[34mINFO&amp#27;[0;39m Clicked element: '[[[[RemoteWebDriver: chrome on LINUX (2f448ca061f21596f0d11cfcbe1cde0e)] -> xpath: //div[@class='messaging']]] -> xpath: .//button[@id='reply']]'
02:30:32.841 &amp#27;[1;36mmain&amp#27;[0;39m &amp#27;[1;32mWebP&amp#27;[0;39m &amp#27;[34mINFO&amp#27;[0;39m Clicked element: '[[[[RemoteWebDriver: chrome on LINUX (2f448ca061f21596f0d11cfcbe1cde0e)] -> xpath: //div[@class='collapse navbar-collapse justify-content-right']]] -> xpath: .//li/a]'
02:30:33.013 &amp#27;[1;36mmain&amp#27;[0;39m &amp#27;[1;32mWebP&amp#27;[0;39m &amp#27;[34mINFO&amp#27;[0;39m Entered text: 'LindsaySchmitt937341' into '[[[[RemoteWebDriver: chrome on LINUX (2f448ca061f21596f0d11cfcbe1cde0e)] -> xpath: //div[@class='container']]] -> xpath: .//input[contains(@class, 'form-control form-control-lg')]]'
02:30:33.155 &amp#27;[1;36mmain&amp#27;[0;39m &amp#27;[1;32mWebP&amp#27;[0;39m &amp#27;[34mINFO&amp#27;[0;39m Entered hidden text into '[[[[RemoteWebDriver: chrome on LINUX (2f448ca061f21596f0d11cfcbe1cde0e)] -> xpath: //div[@class='container']]] -> xpath: .//input[contains(@class, 'form-control form-control-lg')]]'
02:30:33.303 &amp#27;[1;36mmain&amp#27;[0;39m &amp#27;[1;32mWebP&amp#27;[0;39m &amp#27;[34mINFO&amp#27;[0;39m Clicked element: '[[[[RemoteWebDriver: chrome on LINUX (2f448ca061f21596f0d11cfcbe1cde0e)] -> xpath: //div[@class='container']]] -> xpath: .//input[@name='login-submit']]'
02:30:37.659 &amp#27;[1;36mmain&amp#27;[0;39m &amp#27;[1;32mWebP&amp#27;[0;39m &amp#27;[34mINFO&amp#27;[0;39m Clicked element: '[[[[RemoteWebDriver: chrome on LINUX (2f448ca061f21596f0d11cfcbe1cde0e)] -> xpath: //div[@class='collapse navbar-collapse justify-content-right']]] -> xpath: .//li/a]'
02:30:38.603 &amp#27;[1;36mmain&amp#27;[0;39m &amp#27;[1;32mWebP&amp#27;[0;39m &amp#27;[34mINFO&amp#27;[0;39m Clicked element: '[[[[[[RemoteWebDriver: chrome on LINUX (2f448ca061f21596f0d11cfcbe1cde0e)] -> xpath: //div[@class='messaging']]] -> xpath: .//div[@class='inbox_chat']/a]] -> xpath: .//h5]'
]]></system-out>
    <system-err><![CDATA[maj 17, 2024 2:30:09 AM org.openqa.selenium.remote.tracing.opentelemetry.OpenTelemetryTracer createTracer
INFO: Using OpenTelemetry for tracing
maj 17, 2024 2:30:11 AM org.openqa.selenium.remote.ProtocolHandshake createSession
INFO: Detected upstream dialect: W3C
]]></system-err>
  </testcase>
</testsuite>