<?xml version="1.0" encoding="UTF-8"?>
<testsuite xmlns:xsi="http://www.w3.org/2001/XMLSchema-instance" xsi:noNamespaceSchemaLocation="https://maven.apache.org/surefire/maven-surefire-plugin/xsd/surefire-test-report-3.0.xsd" version="3.0" name="tests.RegistrationTest" time="8.712" tests="1" errors="0" skipped="0" failures="0">
  <properties>
[...]
</properties>
  <testcase name="registrationTest" classname="tests.RegistrationTest" time="7.526">
    <system-out><![CDATA[02:31:11.779 &amp#27;[1;36mmain&amp#27;[0;39m &amp#27;[1;32mWebP&amp#27;[0;39m &amp#27;[34mINFO&amp#27;[0;39m Clicked element: '[[[[RemoteWebDriver: chrome on LINUX (6563b05e8762e7bc518f9ff0436813cf)] -> xpath: //div[@class='container']]] -> xpath: .//a[@href='signup.php']]'
02:31:12.069 &amp#27;[1;36mmain&amp#27;[0;39m &amp#27;[1;32mWebP&amp#27;[0;39m &amp#27;[34mINFO&amp#27;[0;39m Entered text: 'GermanTurner321485' into '[[[[RemoteWebDriver: chrome on LINUX (6563b05e8762e7bc518f9ff0436813cf)] -> xpath: //h1[.='Signup and Lets Go!']/ancestor::div[@class='container']]] -> xpath: .//*[@placeholder]]'
02:31:12.221 &amp#27;[1;36mmain&amp#27;[0;39m &amp#27;[1;32mWebP&amp#27;[0;39m &amp#27;[34mINFO&amp#27;[0;39m Entered text: 'testEmail@com.com' into '[[[[RemoteWebDriver: chrome on LINUX (6563b05e8762e7bc518f9ff0436813cf)] -> xpath: //h1[.='Signup and Lets Go!']/ancestor::div[@class='container']]] -> xpath: .//*[@placeholder]]'
02:31:12.404 &amp#27;[1;36mmain&amp#27;[0;39m &amp#27;[1;32mWebP&amp#27;[0;39m &amp#27;[34mINFO&amp#27;[0;39m Entered hidden text into '[[[[RemoteWebDriver: chrome on LINUX (6563b05e8762e7bc518f9ff0436813cf)] -> xpath: //h1[.='Signup and Lets Go!']/ancestor::div[@class='container']]] -> xpath: .//*[@placeholder]]'
02:31:12.568 &amp#27;[1;36mmain&amp#27;[0;39m &amp#27;[1;32mWebP&amp#27;[0;39m &amp#27;[34mINFO&amp#27;[0;39m Entered text: '0460620917' into '[[[[RemoteWebDriver: chrome on LINUX (6563b05e8762e7bc518f9ff0436813cf)] -> xpath: //h1[.='Signup and Lets Go!']/ancestor::div[@class='container']]] -> xpath: .//*[@placeholder]]'
02:31:12.765 &amp#27;[1;36mmain&amp#27;[0;39m &amp#27;[1;32mWebP&amp#27;[0;39m &amp#27;[34mINFO&amp#27;[0;39m Entered text: 'German' into '[[[[RemoteWebDriver: chrome on LINUX (6563b05e8762e7bc518f9ff0436813cf)] -> xpath: //h1[.='Signup and Lets Go!']/ancestor::div[@class='container']]] -> xpath: .//*[@placeholder]]'
02:31:12.985 &amp#27;[1;36mmain&amp#27;[0;39m &amp#27;[1;32mWebP&amp#27;[0;39m &amp#27;[34mINFO&amp#27;[0;39m Entered text: 'Turner' into '[[[[RemoteWebDriver: chrome on LINUX (6563b05e8762e7bc518f9ff0436813cf)] -> xpath: //h1[.='Signup and Lets Go!']/ancestor::div[@class='container']]] -> xpath: .//*[@placeholder]]'
02:31:13.217 &amp#27;[1;36mmain&amp#27;[0;39m &amp#27;[1;32mWebP&amp#27;[0;39m &amp#27;[34mINFO&amp#27;[0;39m Entered text: 'Tools' into '[[[[RemoteWebDriver: chrome on LINUX (6563b05e8762e7bc518f9ff0436813cf)] -> xpath: //h1[.='Signup and Lets Go!']/ancestor::div[@class='container']]] -> xpath: .//*[@placeholder]]'
02:31:13.481 &amp#27;[1;36mmain&amp#27;[0;39m &amp#27;[1;32mWebP&amp#27;[0;39m &amp#27;[34mINFO&amp#27;[0;39m Entered text: 'Weddings are basically funerals with cake.' into '[[[[RemoteWebDriver: chrome on LINUX (6563b05e8762e7bc518f9ff0436813cf)] -> xpath: //h1[.='Signup and Lets Go!']/ancestor::div[@class='container']]] -> xpath: .//*[@placeholder]]'
02:31:13.635 &amp#27;[1;36mmain&amp#27;[0;39m &amp#27;[1;32mWebP&amp#27;[0;39m &amp#27;[34mINFO&amp#27;[0;39m Uploaded file: 'C:\Users\macie\IdeaProjects\UI_Tests\KLIK-Project/src/test/java/data_provider/pictures/avatar.png' into '[[[[RemoteWebDriver: chrome on LINUX (6563b05e8762e7bc518f9ff0436813cf)] -> xpath: //h1[.='Signup and Lets Go!']/ancestor::div[@class='container']]] -> xpath: .//input[@id='imgInp']]'
02:31:13.726 &amp#27;[1;36mmain&amp#27;[0;39m &amp#27;[1;32mWebP&amp#27;[0;39m &amp#27;[34mINFO&amp#27;[0;39m Clicked element: '[[[[RemoteWebDriver: chrome on LINUX (6563b05e8762e7bc518f9ff0436813cf)] -> xpath: //h1[.='Signup and Lets Go!']/ancestor::div[@class='container']]] -> xpath: .//input[@value='Signup']]'
02:31:14.072 &amp#27;[1;36mmain&amp#27;[0;39m &amp#27;[1;32mWebP&amp#27;[0;39m &amp#27;[34mINFO&amp#27;[0;39m Clicked element: '[[[[RemoteWebDriver: chrome on LINUX (6563b05e8762e7bc518f9ff0436813cf)] -> xpath: //h1[.='Signup and Lets Go!']/ancestor::div[@class='container']]] -> xpath: .//a[@href='login.php']]'
02:31:14.286 &amp#27;[1;36mmain&amp#27;[0;39m &amp#27;[1;32mWebP&amp#27;[0;39m &amp#27;[34mINFO&amp#27;[0;39m Entered text: 'GermanTurner321485' into '[[[[RemoteWebDriver: chrome on LINUX (6563b05e8762e7bc518f9ff0436813cf)] -> xpath: //div[@class='container']]] -> xpath: .//input[contains(@class, 'form-control form-control-lg')]]'
02:31:14.450 &amp#27;[1;36mmain&amp#27;[0;39m &amp#27;[1;32mWebP&amp#27;[0;39m &amp#27;[34mINFO&amp#27;[0;39m Entered hidden text into '[[[[RemoteWebDriver: chrome on LINUX (6563b05e8762e7bc518f9ff0436813cf)] -> xpath: //div[@class='container']]] -> xpath: .//input[contains(@class, 'form-control form-control-lg')]]'
02:31:14.572 &amp#27;[1;36mmain&amp#27;[0;39m &amp#27;[1;32mWebP&amp#27;[0;39m &amp#27;[34mINFO&amp#27;[0;39m Clicked element: '[[[[RemoteWebDriver: chrome on LINUX (6563b05e8762e7bc518f9ff0436813cf)] -> xpath: //div[@class='container']]] -> xpath: .//input[@name='login-submit']]'
]]></system-out>
    <system-err><![CDATA[maj 17, 2024 2:31:11 AM org.openqa.selenium.remote.ProtocolHandshake createSession
INFO: Detected upstream dialect: W3C
]]></system-err>
  </testcase>
</testsuite>